<?xml version="1.0" encoding="utf-8"?><testsuites><testsuite errors="0" failures="0" hostname="KhanhDo.local" name="pytest" skipped="1" tests="5" time="14.563" timestamp="2020-09-27T16:23:25.769697"><testcase classname="TestCases.test_login.Test_Login" file="TestCases/test_login.py" line="11" name="test_login_successfully1" time="9.500"></testcase><testcase classname="TestCases.test_login.Test_Login" file="TestCases/test_login.py" line="20" name="test_login_successfully2" time="2.082"></testcase><testcase classname="TestCases.test_login.Test_Login" file="TestCases/test_login.py" line="31" name="test_login_with_invalid_username" time="1.232"></testcase><testcase classname="TestCases.test_login.Test_Login" file="TestCases/test_login.py" line="39" name="test_login_with_invalid_password" time="1.215"></testcase><testcase classname="TestCases.test_login.Test_Login" file="TestCases/test_login.py" line="47" name="test_login_with_invalid_username_password" time="0.486"><skipped message="I want to skip this test" type="pytest.skip">/Users/khanhdo/PycharmProjects/automation-training-python/pytest_tutorial/herokuapp_pytest/TestCases/test_login.py:48: I want to skip this test</skipped></testcase></testsuite></testsuites>